<?xml version="1.0" encoding="UTF-8"?>
<!-- Generated by org.testng.reporters.JUnitReportReporter -->
<testsuite hostname="Zaqc-PC" name="addToCart.giftCardAddToCart" tests="1" failures="0" timestamp="6 Sep 2016 22:47:33 GMT" time="80.660" errors="0">
  <testcase name="giftCAddToCart" time="80.660" classname="addToCart.giftCardAddToCart"/>
</testsuite> <!-- addToCart.giftCardAddToCart -->
