<?xml version="1.0" encoding="UTF-8"?>
<!-- Generated by org.testng.reporters.JUnitReportReporter -->
<testsuite hostname="Jawads-MacBook-Pro.local" name="ebay.SignIn" tests="1" failures="0" timestamp="6 Sep 2016 06:55:26 GMT" time="15.748" errors="0">
  <testcase name="signIn" time="15.748" classname="ebay.SignIn"/>
</testsuite> <!-- ebay.SignIn -->
