<?xml version="1.0" encoding="UTF-8"?>
<!-- Generated by org.testng.reporters.JUnitReportReporter -->
<testsuite hostname="Jawads-MacBook-Pro.local" name="castle.Privacy" tests="1" failures="0" timestamp="6 Sep 2016 06:55:26 GMT" time="34.336" errors="0">
  <testcase name="privacy" time="34.336" classname="castle.Privacy"/>
</testsuite> <!-- castle.Privacy -->
